<?xml version="1.0" encoding="UTF-8"?>
<!-- Generated by org.testng.reporters.JUnitReportReporter -->
<testsuite hostname="liuzw-PC-58" name="com.bj58.argo.utils.PathUtilsTest" tests="6" failures="0" timestamp="9 May 2013 07:18:53 GMT" time="0.008" errors="0">
  <testcase name="testContains" time="0.001" classname="com.bj58.argo.utils.PathUtilsTest"/>
  <testcase name="testConventPath" time="0.002" classname="com.bj58.argo.utils.PathUtilsTest"/>
  <testcase name="testRelativePath" time="0.001" classname="com.bj58.argo.utils.PathUtilsTest"/>
  <testcase name="testCombine" time="0.001" classname="com.bj58.argo.utils.PathUtilsTest"/>
  <testcase name="testSimplyWithoutPrefix" time="0.001" classname="com.bj58.argo.utils.PathUtilsTest"/>
  <testcase name="testSimplyPath" time="0.002" classname="com.bj58.argo.utils.PathUtilsTest"/>
</testsuite> <!-- com.bj58.argo.utils.PathUtilsTest -->
