<?xml version="1.0" encoding="UTF-8"?>
<!-- Generated by org.testng.reporters.JUnitReportReporter -->
<testsuite hostname="liuzw-PC-58" name="learn.ExceptionTest" tests="1" failures="0" timestamp="9 May 2013 07:18:53 GMT" time="0.005" errors="0">
  <testcase name="test" time="0.005" classname="learn.ExceptionTest"/>
</testsuite> <!-- learn.ExceptionTest -->
