<?xml version="1.0" encoding="UTF-8"?>
<!-- Generated by org.testng.reporters.JUnitReportReporter -->
<testsuite hostname="liuzw-PC-58" name="com.bj58.argo.ArgoFilterTest" tests="1" failures="0" timestamp="9 May 2013 07:18:53 GMT" time="0.001" errors="0">
  <testcase name="testInit" time="0.001" classname="com.bj58.argo.ArgoFilterTest"/>
</testsuite> <!-- com.bj58.argo.ArgoFilterTest -->
