<?xml version="1.0" encoding="UTF-8"?>
<!-- Generated by org.testng.reporters.JUnitReportReporter -->
<testsuite hostname="liuzw-PC-58" name="com.bj58.argo.learn.ClassTest" tests="2" failures="0" timestamp="9 May 2013 07:18:53 GMT" time="0.003" errors="0">
  <testcase name="testField" time="0.002" classname="com.bj58.argo.learn.ClassTest"/>
  <testcase name="testAnnotation" time="0.001" classname="com.bj58.argo.learn.ClassTest"/>
</testsuite> <!-- com.bj58.argo.learn.ClassTest -->
