<?xml version="1.0" encoding="UTF-8"?>
<!-- Generated by org.testng.reporters.JUnitReportReporter -->
<testsuite hostname="liuzw-PC-58" name="com.bj58.argo.route.PathMatcherTest" tests="2" failures="0" timestamp="9 May 2013 07:18:53 GMT" time="0.010" errors="0">
  <testcase name="test" time="0.009" classname="com.bj58.argo.route.PathMatcherTest"/>
  <testcase name="testPathMatch" time="0.001" classname="com.bj58.argo.route.PathMatcherTest"/>
</testsuite> <!-- com.bj58.argo.route.PathMatcherTest -->
